mpwcYJ8yKiOt4aXNOIIeXs77KkOjDM7rLXKOXO5q1xbyHmtZPZp8oGRBbhlq9RIafa60loO7EX2Uu5qusSgoJM13wPbiUXd8Lm+XvVcnmuI=
V79h2N2NHabYeSn/uzdeyu6fw7qNDQNVrCAfS44k3iz2elAz5TuIzwuPbDAE+7JvyWHPGWu0ojFDbRtK/Ft1m4GKwOuC2hXYLCbMaNW1U2A=
yoDoUkzvNwex5JxM9zaTikbdTnJJ6ubCM/C70+RnYsJGmJ2MhXutFT9+InXFLqsSOu/9uPoba+10dgOo8sLEpKJkMh/MT7IXRL33fIC7BN8=
pohmg3oB5oNsdLDolkLxyRdCZuKY6rY5FVKAPqtnULm6tGO3inc1qU6JyqzH5fpc4jkERDoTYQ5BQ7Sv+pjmMpTQZfKloFXpTa/iS1XME18=
iCFDKjhDOtlXiIeQbG0ME11gjuSet/g8UFqv4szVI/seotVkjuN18zlgQRPmpm86euQNoyRMlj+haiD/oSzadfWnXnM4jyugGrZ+7r8wQS4=
hpafax7RsylYcujOM1AyEqT8LIY0cfcyFug3PW0jbv+bM/s0tLAeWtyFhpeByxdz6dSteioG4VEjflNMi79hAQvV4+h1ZgjR0D8kPkEIhq3x4ZaK
lWQ+L3CWOgWWLNzZuYUWUfMELmQ2Jeev+5rBvMxjBhqxWPW+UUbi6bMDSQwSHFmpYlRB6j/w5kWi0i9FpwscwuFUqnVaD6uZhpvxbziY0SA=
6tMjtsSvhanzuRAaob6/eWQJG/QwpnUZSXHPqv4wXBcXV6abx/9xFw+SE5kHyti420r3OkCUZmr9ZHe0mUCWPh9XXimSS2C7PfST9w3DqZI=
xeg22/CFf1A23ogf3aCHSU7043iilxgMfl4woAyX9gtZxe5BQqeLvCTmy8zl72i1eHJh51W45la+LEX9HavkpQNVDZgVAu+rsoneM+DY3QQ=
bsTDBWVmN4UMvbL0ZJ81Y0yTkEXwfTx9r0RisirimsMUsbu8fwny30xYxLElUm6QvdHxRpvleoRR4v6st/51h2rfDPNFLFtcHcBOGalFj+hrZH2d
WJarkkA5YczPIcgySr3OLYgJp9zuIfL2tuR5LLYZFiPFvfeJulBvqbZE8+wf1Kaeb6rFc7sJSCL4lhAqqRh7yBP2HgxwU4+l07TBs5HkHvI=
smQ8nxEoCeZCr3Zdy/3BRuh+buMOi9ugnP1uNJohHe/VrgN7G81IEHTw672SvzzpGpUzcAVwVx5JGO8mQ+IjuQrTUmBvQ/OocEeO//R2iyE=
Efr652uQYNOnaR+8S6hvXALFXfbArR0SHOefGBZqB1SyJgsy13d51IDCZ+JB/NTp/UYxEu9IxQXxnn03YV26v7TWqpOxN/SoTrOE0gXISjg=
j2C1sCTW+46/Qg6OalUu22VOF2xc8mytk1JFWd1bhqLO6u7OGgMVH0QTduEoSuAMdaRcwRtF5IdF3k5S5Nhe31F3D1Xsgk6CK80OiQczP94inWMI
PZtSL2lua5LvZn2WDiGX1VbnK12AXGCpM8apUzeCH1r9XK8JOtOZ63mNIcO0+6TqJoinV+5qwRFt7iUJgJGNkKGjUGQwqsCifvgIMBERDOQ=
qvDVbKd32+ErGPp+W/AHmeqswHuVOMVQ74MMePsLPBRHZ9gjhinKVkGu3blyrsoYirgFqpyNlSfBW7viQ2CbOmnbyIS59HP37g7zBwvMtXs=
+vX+Ct3DL4SNLGv8OTlOQNyIMiWaz8G+KWsG757iJRe5PVj89KkIYxOIPc1fYGofxX7p/9BQCI3DI9bZz9L/dxZ8v7xSeGoNm2h4vMdjWSQ=
D55u4C8g9brSZad18ZdUuXCL34mPpOuyRgVdHHVMqYcN+5ZLtGhjK9w8PF7roQjRb0tZVwM3lPeRiqaDSs8c+y8dRPWKJ8AIn4dMlCf/W4NLU22D
0+7hSavAFnT2I7XgdoXi0IraToZKVtq2ES43w+2Ik9b5VhgNRH+Urtba+w6rd4qNCGU7Fxpb6LPYvCX+RNHbw6OKEbTqDppE4TWwV/oM6Rc=
sKokqp0kRTwssCp4+/ozoW4Nw+MD8E/WY5xTroUaPtWiIWWR8Iqm+9VyrhwZvtHz+3pq2s4eNY/no1EEkXW6vnG5y6MFi+iA0wtXEtH+6MY=
xCL133XB5MeoJTaE/Dbe3PHg/97/Sr0brZo5rAoguET1qf+KAMsPT/7hZ6sLUulCxoEUgd+LL4gWsQJiLaV67iMxIf/xsSCsKx5sXa/vveM=
R0ZqIsWNjQmkp1saW+TMv6Q+nxJBCDLUmeosLauRXQ11WvIT33zpS0mEP1fYm1cheXjUTR2OkoQXZMay9y4xY0R/rueVmA+y6V1nMeyWG7GSui2m
0RYUbrfZRala2RmWq2piMlu8TlMpIqWnVXLvoRlSSL03T5h6yV1m2tIaaliAaJvPI9p4pnPVOVaEdqAmcuyMp1zXK9DI/0Ee2d0b/yB6z2c=
bSBs5X43BiOFGFFoewBDuKiua8pQkYiVbfDVLtiOn79g2mAX4YAROXK2zmCH7MrhWv0gB4iDjMfCocZLofEsue5IeE+s13x/XfVop+S7/Tw=
5TLMGjXxs9VQBjVFmGlkgaV27p5L+R+ncFxkhNnYQ4VYuJVRvFEXy8H7CR8c774j7MNF/Ue4IEFX3jPtWE9TAEK62w/0fG8WVV4o1tApv/rS4kaC
S7Ivu0AVHRCeWkROiPlS2tXPcJR3j3IT36UcLOUxEIyuXfPGcabY8pbp898jMyfFktyT1Ke1iNYOo088gTtyowdiTqT+jcAb9nDvIg8m+ts=
KS/wFg5m5Ut2nkVZEcw5r8vM2MBkfjRuDc1nGD8xj0m5cMF734PwuTJLxninkZhUl6v0Qf+hKV0As35GQihWFQT7WL142hDwSZDtyfTvZYU=
wMJmulBxjZPGlmcXu+DCg0chOWNzhZv9oqEHfivs34A9ThP8Nc4W67wTElymJYlBa52aMK5oie2DHVDCLZOfqAflZfLbmvXNrsjCCg49JxQ=
I2Crp27vF7yzaygMODyizhGvcJK8G9Ul65qbZC+xuTJ137CbqH4Tn7dhvgCownhU2K049NEurukgOOz5K8BcnH2tpIKu0eIqSnUmBoq9Eyk=
9vWnrNwBN7+xtPam4O8wAH5NMCFW/yBQTmvbhIcopcqDA91OgjC/VihKMn18n2puunAmjgpct6ro5MWdeCv6K7blH3T+MtsKumvujoaCHaE=
Cxqa8iLdnjWVmiF+Anr46N0TkFhyVB8Em/2HuDtyzzE3d5NxnMxPcXoThxK99SNo/+6P9VQBWaUx/ynjaqUyIxoKdTkyeOqf6eKd1NXziC0=
+gjeCnyqDKFk14qZP5phWyDKa6Io83k0WlWaZ2kgnFjqj4kDL2uMwmIvUZ6ypKw2kMeBN+Wy/e4ot5aqJEBvSU/Ktngm1/U67hP7IbDFvB4=
P8Y21DoPFuAH5fd9+eSvLE9E4/QA10/5XPJ/o9ZzWUcWCgj1jI8ge8YrRJeTV4JtZ4WUo9qy5D3l4MQyS+ylz21utiNQbzlBv/0XYAvqNas=
KfuQEgeiVY4uVG8iKKlSEVX+3yETG8DdP4oc5tA/6jMXLVjlfHiLvuuRv+n7MxssJboJm5mWgv8A9Fkgej7PcWSsyJ3rRuN4P55vg50nniQ=
KLxwQD3Vfwih2aXAx4lYO7M534507axbZhUzW0Et04MTt+wxc/a6Foub8kPZmKSFQ0bzb4k6bGmjErEIIGOeQgPnCANtYzS50bcQ5IssHoU=
FYhrRLgqR2z/Qj1h4J+G07kVX8XAf3sdoETbm0WGkaet6d6c0QQSq6DNY2jeI1TAbaep+Kv5R0dYg8mppC37r27uy0B+XpgLplDsUaVB63s=
WqGZxPXnQmckkbjkyA7uBc5T+5r6vPUvhWZnLLhzjfGq7fUoKQzW94+Lc5Y6I/yyBdoXeXMrXiQuYCm6jzIPCncQwIwwV2XkKFLt/H4zdek=
xOBCAfmDRQB5Do7KMmT48mpb1ce9/2ittPEwgmzIwDCcPTflYS+uW+TFxSD4dCH/U/OeRPhiv3bB65Vb9Gv9yaGFugli3DFoBDfqyITaNMo=
k6rN441gTMhFWte/sCrqbbEGLAQ7gogqBAz5Yw6KFOfgVKozs0MMGAMb+re2JRWDcmLDri35uvWmwYGnatAusXnWSSJPvdRYdAXLzVw0FLw=
bBuMfQ2mQtLrQZxNDwv2vz55LNT/FMl13bnf0/zuu7OFh1ASp+x2Pb/56Uct0XUqWgkDmna8w4WEe/ujGPC2Qvsf6Uixr8Iva+SQ48U0Mx0=
AEnDv9U5lBOlo4QvtMWh8vj7ON/RvCrTsMoV7os3SP/+uJ6zXh8othQoUikfFfNmbcYUAXJpmjUSxZRS8wb8gEtxFFjCA7/tTc/Epbu8988=
dVc3uKf7v9hZ+LxkZ07bqMgft4Z+rSKeYkRa91KYjbmaOb5oNyU8a7vO9PBh+oaPNZZ2vys+oHgxIeCaZmSTfCngBmC8OWGgrwUyLIg3MSI=
JcQY7lDOiG3W6xhmp2THp1r6sWDziXInSK7rqqdo4FzvVRPUKURYMp/m+uhmCZeQ1N1QObi2Gsl9/KbrJDOKqKCSTXfhIf8dszYkAk/GQT8=
HAZHzHqa/fJQcZwv4urPUyPYT0DfjjeAWShhjYpZsVkv9W0S6zbxRJic3I6aq0Qs0SHERBpWHmOjZZs9I8EML4QKAnTj8Hl6DZ2Z/qYfDOQ=
9vxuFkIuJ+2XUCDE3o3kzCBjdDI3iTfNixzJJjNcOoQ1MMVefaWA5iPBv/L5YqtUqQ/UBlGB1nYouQhy5KxL6i66QmqDBI9sI/sC4nYTick=
YBoBhjiyXp7px8iQSxcBnQLpa2eWBu0DqWjGlA9CRjP3keAD8WgukCLTh0guL5E7Rg58rXO2+S0qNgzWWFOr+xYuE1FMiw8cfJdtQTxSE9s=
bkp7JEWOjRAH8XKV4NJh/HdulHAQR76jKw+PSXcU28gcKcrMbHYgVXiQRX/Dknzli00KnkzMfwwPAepG9Dn1xaoU3iZ6RMy05IzvP369VuY=
JMyab20O1UeGVtuFZGPndeyd0Ywte0pNJS1uOyhQrXgryFcKyFGg0+e6npkhdjeVqoHq69yRqBtm31972fOjmJMuSPtZKVCbPAQDqNXuuio=
gWnupi+Xjp9Bq4WBU6cVneKnH7bu4ZBBsoAs0czdqdWHHMliBEaF5QvYRW3ARd43Hbj5ZkmJswhA9UPOCGZhotfuYqislIjA2DDiXkv1v3k=
rh02ZwBSayZONiE8dqPbtlvjTyppwjceYVaz0d+DkR1e+Lb0e0pO/XyBd1VJVzun5sQd5NyJmjpBkO0Wr0VV9dgCiQQ11pDKu4FFIsCylk4=
BnKm4MCkOFZTPOMOAxO5+aKGUzJc0uVEXSdI90oxxFgkB3fNCilnFL35+OxJiX9Hao9MFY3+wC6M8c43+4Ps94hcsvsbqj8pCUv6SQ9IPRg=
kBtC/Hkvkn2Ojeee+iSRR1ZzTKaRrl0lsOmcDdGEmpQmoBUX+ejveSLTEhDs9vsUzp2UzkuxjJdU+wcQKOO7bOMs4hnigM8J3UYpsGoHVTI=
r3MmQpDbBUMRDpQI+ekRfsTWWEdgXF52AoCadE3XRN3p1ky5wEi/jBayiILUfz5Q4zk17sidLp2eM0bYDZmHm9qNJ9GeidX4o6tAMDtC0r0=
3D7uKggEZ3tYCM1hOmIrqe8NVjlKcrsaV6hGaKUZnywu9/o/8KtuHSXaUAviwIpKgPvBWtbem2G7btENe1A5CYuA6QUGfhdaDUnAI8fJDTg=
alVqr5BfdON8bnxoBkoL7xVUv6yMkRHDlRPcMTOy9f2FvWPKWJabfJwK/CNZ76YzpzgpyExvBEdmEt2qbvhF7cQoy/vYbfPQ/XTsYd1c2gw=
9Te3UwsEyGG+uiCPVuzPif39qqLSe3gc2YUsnsGAG8zQEb6jkcMjOEU8v5Y0qEVUsAEdw9g4Qx0ZzZQupM4UNT6NjKh6nPeFte240Yh9ezRTM2Xa7Mghag==
BRIjndkNIqg0DIDkEYXxW1EybokORrCEy2Ql/kxUCMOXbgMkGZLYpm2T/nOD4Z0QzAz0IbQMstJyPPv8Q1kkPvRMR8jYAJb0xyo36MkJ0b6o1oeR05KBJA==
sjlJeG13WzVpRWwiajNfxrHiFFcU34b9BMYMC35Zh1JmfqHNijvBvVd3GFl4Taplww3ceB74fs50IdZZiZdruX2dnkqNJUHxNm4WWRr/GuYc8nhn7FD11g==
3Hwb11jhawAkUKtV/b1UNWs/LSj2p7Vo7aqJwEy1hLWTkJlQWvHq8saRaZxJfY6q29kvTuxLXvfLebeiS2jydigalMAIPYw4vKqwIAGSHp7xJC7PSSoqvg==
E8DCyv0NLjsQ55B6ZLfvuADb8pEAO5eaTRH22Hp9pkZPPuWckReClOu96/BcZXdmO/wJ+CICjiYXGxZDh6Yf/xNc7/A7YHlFeY31d7y+Ti8FNdaJJQdsOA==
a78EQDFheB+APRe5ZWaOsU89/MsPa4QY+0MKGpLK7/pBoGj0EO6CzDTEBk+Eyzst0n76+zWK+vlfzec7r0kIKi/R28WluJshUPbq2GH9p4wiwpIg+uNXdg==
2hyIiwmzmrNQSUpkWbGCHRZQeVGdnNk6Jh1oyJb6L5Z0PFCMcwQ8hFX/Dl9bpEzRU+Fh4n/luj0hUzPk0KYWXx+PKPrDyazTj5qhdKYk+e1enPFAUlQpEQ==
UE8tTHr2znmRr6tFqjJHMye+gFKPzoFsBvF9Au8N2tQdttxZ3ee1U3iqwj8FH/ZaOUAs3/CkYqz+6g+zVo3A8iPJmAY7RMIi+XQgZBB6uMf/XfPOeQQVEg==
RxEHtHAJ9C1MmVWj36e9Z+//+r7R4+AiNocj/PcL2dLyb+O4m8LwAPspScuEPBcmO2BwJV5R2R9IP2MJGtVNRO/3xKH9uo29v5NS2TX0kAdLfxIV9y7fYQ==
vOILjFUsy/CEkWOxPjizZ1n2p3caVozjv4tcLNF/bpmJmyrfE6nN88K9r2JC07JIBN/cgkERkIf66cn1V48b8hkY6kLQvgSIOHJGTZrQS0rj9JXJF5T0UA==
3qf1pfyW5ldic4ArNLiBLLL5kNQuU3P6+qpDNBKvhwf6eA5YHbcPDWQO3kgsmWKdWICvjulHRo2YjslEQdJOnsTIVjfyVqaODD2/UMYzUpd8Es1uVyf8WQ==
y+G/8/Nztk/Fuvw3/FoFtvS6bYh5hE/ftCa4mLsgCTiAWSmGTGwjnDhcLgm5QE7AmAF3AH3ERrSl6QWZXZyDmI6qaHvnNp8AV7M9PyoEpLerJccgFSEHUA==
WaiXYONvhdZKvoWC95Qxjo7u6LHykejMSIB/uyDDSAla0IZF9yd1H2pfS97/hMIF+UrK6BULvpLlJK1LGxp1gCe4Mv/sguTGQxDtWc3ozOBbiXxYGrw3BA==
o6Y55im216LEqGgBaJheWeX4TWilSe5G/V/Gb+TJ3yWk5hXKw9xzK7dHlK7c9xc40iggMVwBRKHyuWZFc72rF40/B69+zBRsC6oFgRvTScVrRjKWJRb1Rg==
WxM75MjV2nm5UjXozXDPXVo6QwSr98WQC4bbitJnOZlaj1m1yALPqUzQL1Sh/0MRNlSXeb9fsrPZ0Ktdoy2cvq1A/65JTgvQRYELxYYHDxw8OiWLXM4MMg==
cMK6AXy4CnM8nJSuQjxQuFEBVIpbUvN3CEFJK5EkDReJwjgkUpMJsFRplbXshFvYqH9vAX+edzQYcXArMaiLGQ6Gd6iFhkAUT40mJjuBEcjwf3hSwmdM2Q==
GRJ2r9iehQuuK93ZOUggj1Uy3v5TsBQUGopHy5JAs7o+A4Ca9KaZ2JQJ16zw+AM2hSM7ivX9Nro6GJZ2pw3EvzwOe2t+fHTx1bAkfMH4yTA9OqyJlxBI9Q==
xnzcaM4DE9oCdRrvA0gJ+FgwjYbtq72dH+NVLe70bTgH7Ht0/90Q9vlxb5X43ORMZYvPlRlGg34G19RjnXCepBbjaJZq9to+VwsYtZydsVnDzFo5M6QP1g==
r0ZaGtP7vMj4fct2icU0d90HP0HYgIL/qWNw0SugoheerSoZjMil51+EM36aa4ZzRXvKBC8bHGUsL7OlZ0UqaQUjoNu00WrjvACTdkU6bWHg+V/5CwZGoQ==
+Gv1Ve3+PL5InHdzazjuUvSsF2vEr7QEZRwMbbrcrt/bILDMXoO9U5tTvcDswh9R6tkoRvO0ylp7AAU5qMqC/8OoAkAbjxeLn+HBYWWr5Xpgk5hvxiGa2Q==
Qq4r8TtjV4L34+FqzinqxD1zie5GsDRR/yNQCgVoGVcLDUnXGrTgsevt2ElmG6qgHMt4APKkrYhjr6wRYbcULxi8BTTN92lc3vunG9/VS+SPcf1f/1CwHw==
aHKSgtnoEvV4dO7ygqhckgDnIN0korTS/9EddPfCNNVro+qDgkflJhrDCvnUNXCHNoUtDDbEdY+0ELbcBg4XG4OgX+SGQm3sWdenpj8T8dmHW6iynhXs8A==
vXIF+RmWTwjb8BDRhSon0vDZ8+HVRRRcUQK7RxGLdpH2GS2zpBjdMpuKLwMCGc+TDe41DPRGyu4cVQlbs1+ZCLWivDOOZRkcUc37l2+A6SNFAyaKv7XGqQ==
W22ztKr8F1RJuOOYuKj5AfUg1EKulu34U1llkV7rRmedFc/dMj4yy+WjpYA7wYt/VaCjpc2janAgyc+HSGiBMOAWMl9JXujcgNa8AiwYv7wmeliiha+iRA==
0ihmlQ4VJObFfpzMSluRHj6P7d69ZeO5U/tI4gwfosyTm4aRgD6xDgOPJC7OfTsVVgdI2bkgfuHVIDVUF4YoaZWOZL5Qw7tGd1UhSUtvZY4fGW6UMYAYmg==
uc7qtzAhyyhR+smfylKQpAGGcvuO8DF0vBW2IZOhseTyU2nA5OZeIErUpQ09BYN83ygxGPDeygJu8KmV49io6ZaCgrDuV+gnab1v6ISmLLCC60tPCspfGg==
zC7hed7lF77psUnG09bPbzIctDPnvKst8LpxQeokv350AyyFtICy8+XuZfYT15kThdV8LAE3wVJe+NvwkB8ZWPUNJfmURVLP6Xvo7M/kh7W/PjAuIRrhDA==
8sNd+BPYuJFNYp3/TUEbTUZmHWtZ8VneXu70fEPXqj9I48idTqjAN7Wdy3Axi2eb2EHshD2TqPu0rQvDTQcB3Jt0PGulu8Sx9Yi/5ghNiZLDQUG4vWAFJw==
yGHmr6H4EBx7zMgvtDViSD1cIP+yRFuwZ4cTVEXBGp2PNbbSrMsWJ+4TTHMXY9YQKAdoXUDdd2kY6kHkBdd6Ack43fveY6zSPVqiid6Ds8Ri/0oY4PMeMQ==
dtkmR8p9WGCYFJwcaskBHijL2y82k87/QH7y+45x0Tc2X09liQm8hwmfDohY/R7H3jscdfh0/ab7EUnL/M79OZH1bF9sV0SI5cP77ykir1yT0qDdyk+l7g==
5UMhXer1e8+1ttGfVLRJZ6crIACVEzmZJ1mdrkmGM7Cs9gfAUB1AWST7ESfWY4WjrilcgwiCBMCTae0E3nEGAR6XyzkDNOaKG1X/YxrCJEE+1EipmPZ6sg==
lQsjjYev4RjgTY1HubjRLmIs9IRnXnEc7uk6TzkSGgmzW7+a4Jz4kwLN4/ad9uiJpvQCPHow0f2kv8m4zGD5EbtNMbDPF1f+SFtObSl+AshJFrPPIlNDLg==
nhkGoIaXJ6m7bftFhZ66e86htDv4muk7zmhcUt3xmdYPrWdDx2C7vC/uhvoi08AzNsWXD6IGTcVcceM+P1yxOCyufxi7cdne/Ic6X73j3sRvXYu7/TWnpw==
5qkqqrEhIqc+ElncA+QX/20QD4HWumbpl2G+fyRzki8brm2yfUlFWoxq+mLA9ngjrFs3Ctz2no6BToREKDLRdJHfvtnwSqL/s6Ho2umTV7DbwlErypijyA==
uPpVhP7jDLc+f1JoqCQLgywRyz2LYfS6hnmOgIYUdw92t46UyiPio3OEF7+jvYG3VDoLIl2qv2bvFVqoXaBkkbFlFdPixEyFGtH0jNxFV/wFnr3VIFjuKA==
CFcyz/9k4+kNJ4uRTg1MnAXpPBHZi14ZuR1rEtdwrJnNH65Qr+lX72qJ8DbO19uqJ4vvs0s+CyaZIZ8+RiSsWDG99Ti0RT2oFQsgt2tALgZssjuhqBh/Mg==
tq6fnUeE2kKFamit3Na7tNVPJthG0Wyoe/uSqlYvto0eNcW9lJqm5syE7iV3zUhn2mCqfUHf8vDYBpE6fnnH/oT19C/8xVLl6wv8y1DuL6YVhkqHJn8mHQ==
5giROY7EPaoeMLxTo8aP9QAvSuuc49DdcwLZ4tcTyLVTswfkbMXhRSZVRMm5o+Ef5vZoj72yD1pweDzQTh9cFYjaI8XDFKPd18zS2hpBnmsMvWVFCXEq4g==
BakjnGE6ZvfwZd6+oj82hlmt0WlZmCMORBogPTDKfp8CHvnXsV3ZRIqXIP3/EuQR0Im4hT3F+87deDAIFNIhy4hBUCuCwkM4s3dOJKgAw2T4LuPy/7MkNA==
r6+SMdvVj5Q551nBKlqB8Vg1e7QmZdZEfOW/H4wGr5J9Yw2a5THVsFFJ8/YUTdSvgT9PYXebtRk42XSclYXce0QLNuNkrgwla8jojvmM/X4pZ62htb4P3Q==
Ehajg78dyvNLlcB6Jmw9XfaVt8V4QrxoFskyC3AK65Y38RTJpQXaZL1PEGVlWQ86SuiJ8sGhshoI0orMDk4zihPT8+BIly/mfK3js9oi3QgdVsM5tUIYHw==
lAtUvTA1+wpi/flDqDfFqpS79x85k3oAVq4PEUEX6REyuKYmyjPdVE0UVAK/zSflsC5WEnm5ta5aklZEmQQ5Ses4AGBRguIrkkJEhUOWqCnBDrxwxgkGyg==
PH+6rNi6tTyQV+DgcmDJJwke9jYTtW+j5MRa3q2ohMZzPMraeqtwvOUU3/YCePTa6Z6Pgb+xPjPCWixTdf3eqX02iloef7Kqxi3aPoUpsxV4cMeBTo0lfw==
o5pxEobISgFNHujtZ3GFFynszTImk4cueKQY2NmIHRcAnG6uwTofZMpg+JVF6KlitTFqHkEPcCAzUQqNnEaM3vadDMSzMVy7s0dgJYV/qDtNiBa1lYvtUg==
btPnQdDiOPlk0X8fveB+KTwuFp15LmWeSjZ4APW7yDa1+bg3EUnXOfAPev2DhgRQklVkWmMeEy9ngsc9FZEzAbo6NvvDo4h3vUE6fkn5ZqUJQ3c48hN0rg==
DSyWqhmvOjTBGwu/O7zfJzbjU3u8cvVjywWhxQiBFEOnZozZkMf0utCFv75n7+PnOgC0nsLB0HzE7GJrXSLpCxqlyOoAEBkVYogJYWpVlE141cq9ctbTMg==
d9mObyWQDDM7WEwWtGNOAYrk+2ES0sWqBx3R44WnZmsvbqWCr8KHod/YrXCyn8yys7OLxfjasMJ3/4wOmnpnGxlJEL4PEZZ0CnlapFMRsVUzqXlGZb/BHg==
S6mA1eVCh5X5ibI3gocMc4XEsVjW9Lo5CEg9TsoLYLKthTHPQUrCXMenEehu77+wNGuztUWBO98mjexaIDzidcaT0nm0WExWPx1NHQzIbQgzJN9jdiVxlQ==
BFgFYvGbVEUDUjQO5rMJzxXOAtY/HCpDEpuGKJU0w6YRtdWTK29YopDA0K8yPUJoVQ6bRWitTjhhPnGyjscM+b2IxixHEKx/w/E4Ep7Mb11G6PtyQs87EA==
0f/cykKsuB2F3VGyx7YPgpTn9p89MLjDK5mIdLPhhIdWh00+xEcURv4SHv84J9l04j5ymB40qy9Ci2evqQic8JPhds+dXjcO4cSZWutvbsi5mpDLax5FHA==
Hj2GZyqUh6yVBvIZw8//3yqF10eLhylsgMpqMsjfBcSdjhLMOWAb5B4Lqb8IgKsYnqYxRs84ufI4wuDeOBiVI9xp21WYFhrxqYavHJ2mGhJqX2FZdzzFSw==
/zrfV/h4GnfrW8C2au4yWAIDeW3dr5sQnc84S2Mce/qpjqFAfcWOswmXfEB+VVEhw3cyN1d+kEe90VT5gZ88/oMzOl6ypAISIphzoWQmrc6NlFfkEk8RbQ==
e3HNeG2Jzhj6GU3BSqIzBXjAgzxaE0NvKyDJz5aEk+HJMBFXp8ucoRMDcyloCzGcmqeUQAOiaPH9N9AuCbKoYEJBSle8WyZL1Mq85kewyu8dMaLeADc9Lw==
Qhw8G1v81FjU3EM7fpfBgOiEPnvifehUdIs3X+hN0vQSDn2iUVnUchbNOD4i4sq5MFlqy2DPO0nY10zLwVK1Z6wATWb0YLUj0uX+FlqNbEkB0KF8nk1jqQ==
Z2PYbMyeh/34CRJ45XpEgdEm5mmMTL+QVjCWbzqTwzBkJWraqzYE4a+hTIIWBxzGWgYA8a6DnyglnyGtvyBnpSJJrCg2x1gLGgL8RIqYWlH9dK0rA2y43Q==
gIMqK/BQgMbXceTacZWF6UhhLr8YFQ2AWbSOL/Pb44Qt8LFUsZlUsqn+blNjx7/8Tm9RegynZoGfuinagyfjFcBXayeVyHlFQatC82SqSLOQsFU4ab81pQ==
7iEzYO6q4BCCsZo92CpWCmi/ShBjUhsyTHSqzSWS3TBOXp61KwveDL7OBgpmLgNvWbYSOUVp/ty6wOXjC1JOSvKA7IvN9YbypMOMjxd7PSEEiJWoBFVMug==
dOrnjD5tP3ye+cB3Nit8Uo27etLveDhKeGZNgNYYp+sO4Qymzl/dVEUn1ivWpQ4FdzBQof1pnwHDE0h+nDW5OIdSXS1rF4hIF9ELiN0X+TnYCiwCphA9XQ==
wGj2DsjX0hvzuuJCxXOOnZqIMfz5iOJBP1FJgPQ6VWItV0yowMbmfBU9aKZdqMRSeiE5eUhvNGelEJjy/1w1ip8BFtInG5gsIUzWv83sNCT7i6SW7ET0Lg==
8uW8k7ZkQ1z4oXszv0Lg5+Djt1R3bLEGZ7hNCT6Jm58ItfpsZWDweeZaEFVlHYKnGSddbrEgJNFMa77w87gJFyc4/U4R/EotpMZhygDrdBplQlPD/196Cg==
h2rBEK1uzyokfDAhMIqpXJVkMbgFovtoGSJGiKtrpe9iP4AbFguOPa5IAKa7Uvu7NccQL1jM7t18SMDm/fCjOc4u2Bc7WZGEcTKNT7Ms/rFHiVACaViXAA==
NzC7Lj1icmPnMCxEyBMFsbwhMiw7c1TJcDjE//gdXNgfdbx1sb3+taWhkQPhIKPGf7ncTXCapEaLX1Nwg3JjoT5ZlmxnW2dFUV12HPT8ll0fObl7iKvt/A==
EVUctKfrzBKq7XYLTjmeZCMSgb4n/kYPGzQELq8xmyoPWSS7M9S9KzLL8yEFxVhTUrVSNziW3c2dVJXrjNAGAoKJ6mY/k0VMAQd0itvtNNNkjcb6u239kA==
5LKUhVnPlPCCzSQ3Cxkn8O7DPriNDi+0t9pIGfcc+d60SHKDT9w/v1fPxlvreiVxF+DFtLUxBpHvRjtHUT8SFXZJxHRjGoRaB5innsl3DdyDw+7Z8sabdg==
l+0QjCjOSfvw5UPyTlsuwRhV6ZxY2kMFqc8LgECXWko9QzdeR2YCpbs53nhD6pr3TLY6X+iSrfaDBPZbCFFtDxc4Xk1pWz6dr2l3TprPciA=
bd8T71I1Guu7xUwBxX4dGJxmnTMS3XJIAjVCb9PoCQS1tLg1vlAakOVwEbBbataDvFpGebgutMur7itXJudUW5ZWI424rvhMpP6fYVSeGUg=
fBDDaYiN4m6XHmYxAvY4fHLbla23WQHgOKJqMh1sVH9H8Fve1NtGRYHqKVKboTTDQOICSwEH06S3qsh5Deng1ue6nh7MDqO4PDU/6HiYt5s=
34bsuUlLog98Ebv4DlMAq2SgO+GOuyKydgQjRRdocIxfCztggZOyVx1TlJ+PmuIRyf81IV3SVMBDTh4QzJI5NnCxQoyBAyIb/YtvJFM9m5k=
pplakhDcNFpSFZ2lkvLSZPwM203dsWZIx7lLhEt57vxUJCr99QSSgQvSJVXQ78S0V0rpjujDb1d1JPTG7pNbBWNzKy4loEY+6ojdfoRN8ME=
agMsz7Csamn/Rg/SbZLyJOkyeUJS2A9wJ4nLkNTnDnFZBBD5bmYuMpcOq0/tc2jAOrsVEdSXUq34GCe9KUM/n/1BNM8F9N8xuPWeB76TA30=
qFiheAl4ku79Is3fi/88vgK1yO2mQNir0hiUbdbOS0qq8i9A34Hzhtsah8cxust1eZJ1VqHR4d0XT2RnCyLyOAqsCCWGlF1vMaeaw5ICd8k=
uJg/F2BM2PjreSXozWWFUwJIqLIof4wfFWCY6oBNTaDwyqjPtDtK7Dc8njRifsVy6XaxcyIIwQNJ7GRTLlBttERdvvoyHfWSv7K1bosc6RE=
6/ibLPxWUgP7h1Blg/c1TOosjpHILic1Le0EyCA09aSQdZ48Sr/iUvgksZftkMKxR3Nj0fTP2oby/+zFccCzE1W/QIgsozutWjKBw/rtyuw=
peYMLMw36E3XJQ6awCbvKo39GB1xPUhzS3MfpAODS03sbKiJe/wPngqD01Khr0Qq2iiY1qN/8dyGDBJjLD6qK4CqxtjGhGmn2GmXN3QExlg=
xwPL96+lDOajSUQsUx9jFSxOlmeZ6UGAl4uCdJNLGHvK6g9xsAnQNQdyA75sIEx/X417H5kZJ+jq+sGI8BusCiYbyk2SWUrj2BGjkmL3+yE=
DQo8hIoB9TrEfPwOSnivNpfRaURJNkWH02IBnRkcfumWaNhnZlgp7iXyfmAyvD/H6U/IhUR/MYujvrv8WBaJxz3DkqFHuZ40J3ujNoJv9Gw=
eA1t3LYHgcFKRA3XmLSREeY6hl9O7/FzWKpcjL56r0wQyjGCsaxkDqLEiqBN6k6Z7Dos/yoIUAqKru/VUSHlz34gIAcOUt8DuBVgEED/HvTwV8hP
kwTmn6AQ+3jqnvOIgG/pjXvORBESEiximUfVTKI8vogAeYarU82jMR+8LbDqWcKsmQbjR9DVvzzh5f5Zf2XqZdjHw4Ez5EiR1kW8vJduci4=
+V4CXPfLG9IrcnT9OWLFMUujOnEAhqAYc1P8qvPAx1Al685pjP430EZCtSU1qPCCNsrz9w79zTpoOLdIvFfPtEANbkW1gCESr9VrZTX0YZs=
JMqX3TYBcDFjCaYS2CEpIVVyZBZ6H9sAyYcYfrCDUrnfQkRkwZg1y47RqXLjMNQzoYqsBqJkQ7nunZjYthtWke8BhXRwRzdyVFOgH0kqViQ=
2BjxDk4EuSddeLfbY/LRTYTkRlh1cfCKTPokWRcukvxV4katH941ankzwRaHMYD/+9C5pW2UfN2WJHEyZpYX0NnfYNRP65zEY6Cg+oekSjQ=
B6e0umfgO61krJ6N9aQF1Bi7BJwxVnHVrV3C32E/ikeWBKh47mELVyZbjGw3oYm3sfpHz2OX+f2caiA0CO+IDA4OPZiaai6DPn+yN8Bu1uw=
Q9kdJaJJdh6o/YOV/c2mkAC5AZBRqQFGZ5aInkVWk7mksa3/O5AItf2cT/p1K5zgjbsAjG82NFaxhuYLqzE2jV1QaP6BDhaZe0h8wBzQ7U8=
lvwyumPYrLARdPWf/C9+2UZvMayOSAzVLPsH3NBFuHXv/SaAtSX6oe333umikmER2t3DzY2D7yH6AIL0KFTjNoGQ0VC+Uhj0yuVOEwPWsUA=
deY1e9WNcPNFBxzfx9nwe663IdQk88ec0Zrbrb/3fH2qUBcqxfZd5nsaJWfzmMHFymqVodLR4pjTr3M3BZlCdo4XMM3TF1kTjKFcuUbamgM=
n3rf7/G/DbYzxTUlTpgTs4jhuSjzmIDYFCTYEmEoW4+Li/eJMMdOd2wYNcH/cIRKsfLzhO8T5MNAQXWSO2ZErPQYpWL60O1WmltgtcWObHqGNJpZGeAshg==
CLWEPIGJzHYZwknZPkMcM8VuAGZ5Smso6qFoMZoDKK580MmIbnHSHOsEhl4ULNCd+Lo62QNoCvYtf8YjzrKGayakibf17lnn/exo3RI8lxo=
q2KY7D3bJkLdHIELv2071GxPNQui3x+LImzPlPWPMNzMt6OrpXiA/cdni/SAXHwlZV58AHgDaa2OAwlMUxr0sRSshW1OpVGx3IvzhZepQDaqxAO2JlV9Iw==
G9b8hh2h6lMmOACY6C/TPvVmj6z/Pi4vgssluk8+T21pk6JZgIAjs641FephMBNfcu/gFdDx9qXMwDQuy02M2PBv7vkh76UtEYctp6zEBqUplb+Y
buXikHGsQRYFUUDchK3o9KslXYsCPF7Yg6HSi94wZt9I5j6O1luBLN4LBpA5hjq/JmTkfJmzJZ2IJcy3A0j5dnVlYcUwqEiOahlvlortBY8=
gRsG70ZnBpg2ONAhXD9li+cZ9lkgCQR15qSbQsGANDGsRRbzTcyMjqnAgYiYK87Xbm7EXSfyXC5E8NNvXM+FsOIdyX1p7p8CX1yiPHYY/lo=
Q9tvtukInlWJ/J7jITGX546uCu4locMe3GBVwdpCu0bE4jepTjfPDVLZKA1qFEcLtjlROWX+hifn+k58MuroreiOy3l97U4o1KQ+rS696nIO/g/RJM1/gg==
obfBEa6A2CjA8KObbV4ReEY37X8S5UxuWdQMhvrkEQs6vU5SgCIGNGHgYKQiRbNsoKssaGj+9aV1zd6rF6+A+9DHcq88HgoZsv3B83BUsnc=
lCcTUCqJt7ZCLx5MW3gVYseJIyI/U3SGOz/jsOnmKAaolESPxATB69GUGqek9aYtrEoRba4qvypNK6RhSK5czEPzM30vBHUbFVAjlkqus9Y=
Wt+ZIEyr8X2if7za5iCMsnXnmIjea3UtZuVRIeYJv6xJJb2XgfsPqbdMRk9hNklnDwMb/ai5GG9NB9RVtgPxXgXSSA8VIdYOP+6xfFVMINI=
6OakRTmKrFsxGlKhMAGhj4b3QBjKQxyfVt01fwrbA/zcK+VplSgjYRaxdkB9V2bl6dO2B8Soypi1pKRZ4t0OJvwGOfNwD1vsT0bs45TAZRc=
Ah+qNJEPGBNmP0Emb0Y930MqFKT6Ffu9ANm5xkfEePiXqXL4NHKjnmYuv3UjYt6QlMYBA8S+YA6O6kO2SxrlxMsk7jEeoM50L10NcZvbc18=
7ua6xsUYVRLr1PfdjmIScNkUZUe4+K1LN0IHMQqE/hrVAVWNMcOs2+HJA0LDD0kgWoN1y3bPVE89fvxj4MJ0KcJKOlLMASGfwpFB5M4YiXGxrAe2
WcU3VJQYxeltmNihjLl5rwsc+IWH+/1gckf5PXjabTLduwNW7xjwiB8zTewAW+QZY45sTCtQgMpv20BChw5NepxBNvHMgGZAyOoinsrzx6Y=
TItPrVJXtJSOcIcxGJo9YRGdnATPO3c2M29Ia/0p6xTSNyGL7snuHw9OMxl1IuvU1Nh9zbi4t4kMDqZ4g50PRnPAdiUxU7q9Zk5MuhB1QiQ=
2grILmhgN8iKUuYz1/ItbKmsEIXqW+DSqLBvDiFXKmhmo9RCBQkltnAON6qNW+DIGsleIh/FrWD4XqlEJpn93rko/JHnw/htjvMzUXlbOec=
hUqmhgkWm4PahhG3iEKEmWhUUqgNgcgEqWc9xB+JHZTHxivd4YB8nq66v+PHaSY/6LRPGgMWLx0aEJZ7tkBaxpotPssy0pl04izSFcEyeGk=
TUmefYLifWt0w5BUZrOM66ua4zhXUHa1ZardPp8z2fnMdtc0VWdQA28704gSoYTW+HwEQc494/tVqQgLWlU+9Q31XvHJ2jJkXW1p/HA3s+8=
mij7ldNarnTjyr+JFYE5Kf19FKKMPwRzNqqXM/E7SBQj4KzGCMIKth6Zhad+rzm6vl20rE/9JEj09j1fpxjno1K32jsEBjKypBrw6XEzDVOPO5zxwg==
qv8h5bIGgd3zsp/FaxbOgqvvmIRlldsnROFOyMw9gcifBsikEdbNsxHYV2++B3aU0BUETm0G27FKcTG56AuYnwA/3p9mI+wSc5XfKK5pb9w=
G9oaRIbTgDD9PVTOwT3hAN2wjaNC1Xv/TVa5Y62qc5dwga20NPATQLSVUPstqz/D4qBGr+pODgFkmdybW2wSDJ9/c+KkGSLxkxNtG/LWDhGNTfxO
SkjhPBbtwnZdXeJ9FAC0aPzOTy43mu+1/D9G4yWQZbnukUwxO/S2Z6oi9xcfIu+z6gJc9RF1VHj6yVndkuDxB6SSrDN37355ctLyLzL39g0=
laEuFfjkQn+gwFW0SsQYJpcDH8cVqbplTrumm1Obk4Hvtoc8HBZFNHOtIOT+3pJ/BFR0qq+uwAA0yBEZTsFeYCxAPTSkJzKNR4rjC7qF1JA=
te4Wj4YxCEy9fX0rn/SvauTW98p6W+L2Fob2pDw0jJajcVP+C4F2JecgWz91MJ14Ly92asxm3qg3vJ8Dp6PQb1VSoI/npDm0e9Yj86m6hw0=
q4beX6tQrk9FFP6rgwkJ0i0DpXBBD6lfFghaNNix9aCasiT+QbdlNfbexpU868+S/APbiSV4/5nPVxA7GFea5kpXSXXbFsg6Hlg2VLFBypu7Q5vR
3DgPIjMEvGnJxDsOu7697sNa3e3KyiASZ1PnP3AwFdfdOaORJsJb3Y3kEeoW71mb92umNFcqN7JddufHQnCCInxJRQj2q2yNUsVJt+i+nviE
8zSQM203WZV3afuTKpu3ooePi5cnsP97+E4Dvwx5A28ct2pd+PT6X4LnO0pI0PqEer6hlc+nUoLy7XKFK3Qck/e38P5+r0G/j5mh0nz0jS+O
5fGF2Cvt1Mq8xMKf6q7cKtqDLBXnPZfj71i0IqpHwpeXOpj329FvWaNqjORT19MpxjILMiKNZifG0+wKef8oVKT9B9sNDZHra25JBXGqAGrVQH87
d3tQIMun1f6Eea3WABV8ykaye6aVBlbSAlXhIvSgWFcOQjpASf8zOtcfIJEpDH3MobWnYuPTe+TrXZ1otLYn8f3N6iy62KEIX8gFCgGJDuc=
DrZbyfZi+BDRDKyjvhBUreqIK4XpMLJcBTYDpIin80ylILpOEkDv+rFSEMiGjc7X8w+WZ3LanVcvNizTprjeZFBp4zsvGZL1ru9XFfgaKH8=
3HlZ5Mt5DPjdA93cdHMsYmBWy8PuN1/xR+oIhCh4H4It0NAm1VFQLKHppYNz5sjqCzxIKA8Ux0nKs6sDD8qVqHN3CLbcWzhSYZwpXaGjTBc=
BjlBV+LGQ+Ioolk7ORwrVRztghTl6bmav4oe5NU7cA7TKJFv55fQFPZdkpfcUXGlOhnhAyYLAB3JdloVxz5htHS+zXr7eIX5oGum1bhW8KkwXuK2
WYFMaVraB0umirC1AFnN5hhMOiwpwhQ/6H/t1STXfx/y2Cc3qDgn6pCenOl844BhLm3Wq40TKQf5s1lrIcEydKaFgcsOhNxmdcMLvV05glQ=
GYtXi9wgjQXXt9f9Bn6/eVZy7mWNanatqck2vbQuVHf5zUe3HhzHCvQ1GlIJKLxMaNSs9q0IXQGFYz+O4cuiZJhIP2irasVERUKGbJviEhk=
Y+YiIjH2x6jE7bCUn0KwLUOKXlxP56ZJsDIcGCFkpKWPPOnBO/9FpQOgK72gio5A22UOrjH3S3YGxWFwvli89HdsEpVdAeSrveDQFjLSbIY=
ir6kFqT07ttFgugl2EX8yoE3ji+2mO/OVqBTPWITSHas+XfjoxruxuGVSarrSE3YT2Y+jbPnjyajlwz6Eh31AR0Y1nIpDmF2lgW/va8yawI=
ZwKzDqGBvEf6ajZTZtPHFydCgOe1rs+AABcS9IvnGr8XelhnTEsMXk6KzzgiHC5USw7Ky+OQW4caGpCY1xwc5Fs9QmU+jhTRCLT2XOSw24JQoZHv
H6X0ETbDUR5IYBvafYJY+nFANgX+ZlrBEkPYTJaod/fyPzdrpLXLF3ORyIgYSFuJkE0jE/Kh4bfd0BqN2WyguuokkEqQuXxcHFezCHmQT/g=
skRPBzUuVqcaqspig3isCh0PI/OTlzErzwKXAt5U103ZTxBsj0OparANNRqDk7XhRMc0r5LwJnItuNSGrPUbU7A/Snnb2fKdoSLmhutTgv4KwA==
LPzVbC2D83hry9M0vQyKYGE68WVPCn3N+2GbxvqU21AI/FiS0pgMY941fbtaEzP/eYY1h0fqDl00KFe8aaRUfrUJgIrVQqze9fjqVvJl+4w=
doUwQ1dNPLKmSLGPe41DCI+S4LLjT0XMubbMeF4f5mBtQr38060el37F4r2BLlMYkt7l/0Wmz4DaBi27zF/fJL/IjZmDCaDM49IgbIgvjzTDHCE=
xlOptcxXCY5O4m5N8mr217/RYXlQrPLeHZhBZJ9eQT4Emi1sq3pOvie2iycMs9IjKulaUxUPsByUTEtiSgxKlkvrJHfhxOd53IXecFsoCDc=
ZNg+OpsoL4v0SfcTBNFDcX7oBHTjSEesNJUxBYWcv+33WyGraf55SeVzhomxozDK4reZMwqxJrWMAZcPqZiScu8lDEDKmx8lia52a7OgifJjaRjn
AixWJ7LgytSA+Yg3iZD4JRpe/6Uatqs4EjENUDzq1Kxkkuw+eVdSwrW9McZNaRDTwNwjKXHKEDtGMdFNJG8ADIwkSkByj1Iilw6m06WX8tbVwU0=
FBTSECTQNgVQjIb0x1n9dP6ra1YytFY2fkxABJqtbJRZoOa9cr4B7YKnXflbNZh1kagxVb6FF4Z5+Nj2nNcp6Y7PMGPIaicuEaQPqwiqV/k=
khFqdLPjxfSZT6bFLgoMTTMndMXI0M5J6hBDo0evBhDSho5WCJqJlRjadNjQT+7ahH8TFypXcKAJZ8TL+LdaPn55mnecBefubj5A0hgkpGY+IA0=
Mc+pmwFM7oecXnvnpkoGb34x1qe6JG1vdLgZHPOg65tKc97kF00V3ZLRLa4zH0XklWxfI5ZvscPiXrn2uIp8tARXU+X7YBYEvTzO0iX/v2A=
