oTdLS2Z3OEVxcgyJkutNVLPTySu6NFsoji1EhgFJbl54ei8dxQSCbZTWAivc65NxqOFCgXFoDPdAnRMxIGZgniGW7uLpsKUKRweZd1oExh8=
4itgRIRR//E8IoI3DxwtEWptqvb9OwqHW8jI5mmlTk8IQGJjNqgkgDUYqP+LbcOxfy2zRmQfQ30tntMJhDAan0tOucvR0/rmbkMDTHBurqs=
J5zTHFg4B8u0TbBndZIiteSurPV8ZEHAniyOlhR5qo2QIQPZWad3J2rZr3nXW1oFBPxWDWSsy1oS6B/ITiZj4Kv5HtqLzxCC5kRfxDogZMg=
PXBDneTxdRpHssK4siLBNxjtJ4QEuu+onMb445tSm9YSLh4VsSJrd3emsrWneYE/XlRYBdGND8PHYpF0hqXn/j/GTg51aedOzRqWq9bwthI=
esrf96cLxBpEfdWAVlLE3cw+/4Z++uS8Ip93yEM/Ykoyp7cLTYN9fYYx5hk7bgWteps5EytMollmmJYyXeO3BLEmj9U/diU6EEGeCDW9m9s0Ex2i
4ZE30y18TkHeCwibBpDdUOMylAHFVgr1j5M545BVl0uP1KJhE2Lbms1v8faCaSCIM6OqSTQSgKYMhz2WsiR/prvVixiicL33916c7FcZEac=
6B1WEdndmXalaSf8hIkZqXx3V+bRTJgzUixQuRq/UinxdzWEAf6sKGZmfuHRMMA0SzCoGmHfvDmNIlv9TkvrHrGk4dvP076YW+A+mYha08g=
Ur05K3zAbXnBVywduE603OTQngUKB6MZ02eH28WLeuVmF/uGe3ddplM46xOBibjC1g6/nEA7apYqgB1bzLq92DiWqGYH+hC1s6MunPQ2YJAn9URq
CdqYXS3jE7KzPqUODnyraP8zmjUnbSrxZpImYkTar6lUnIglHgLIMs2w1nOY1nJuzSZB21QTFBvFNuf7gyjOzAzc1lTnLPDoR68DwlJe2BI=
H5flFn4cr1Z1I/tXjHHHqIEjnDfpd7wpFaSp5eSGt6twOj8Z0s2YCNGvCvZXLiqDioFBnlFmnPA0vf4HILI99tw/PL8c8FwLUKkW4w6SR+M=
nZh5hnQB2oWuAyC0SNgr5MW0GpECPL+pfKXYck5mXxjsmAsnhaX4Rwm8rlqlifrDIJo25Ch3AMY1t0jJqMFwmh7d1dlCLHPELEyPocraCys=
yTf6V3Gybvob4j3cIfyzXBVvjO1T6o+mbOkOGYUxtiNYWmwRyRhBDj9EReZZxxcAiCZwxqc/U2u28sMq7rD1SbqzlfOFNm+d4YZLvysvxm8Ud9F3
giTo/TICICPqZjTInq4S8rkoyLD7/umuo86xO6VPAFflZ2XkiGZInFveTORNsbXgAbE8TIhkJTejcNTXzQhW6lhLkWGLgxkGhkSnHzdhDls=
T3EyGCQ8BxDhACdPxjWlyFADCBSwrChW7tqcJXJcd8mhcbMA/OAIBbaYp5sQY4l6HKOCR1Aat6n47X6iuyg7f8EuRj/bzclh58095KyoAHjCrcWi
d2ifUfHIi2fYGa6Wh6SAHHqV71n0e7Fu6vnYMwrNLOZ/7VEO7jaUUAAmbPDS6bX5V9U2ovTBrl9PTpyPpFmCDDhHxhhxmBlJOZzXZphIvKE=
2lNsVSUKJrxPwcP6Ky5E/1VnOARijyWQ/8X8EHi8jUL0ujtKYdElXXkkytqAl5jokrQcT5wkfReHU/pM0YKEIUaltZEkZ8h0dWwfHfa5zCk=
l+L9989dizKbcmqfk8E6VMQbkHR7BMNhyJHV/9lcxPIZpCD1bvQCQ6nMRLR6EMvkEQQVGDSTnKuCW6mERsh10JXrwi/DqxEm90T3MQ0Y3+4=
WMFO6FW0lyuVkvP0cTMvzdocLjGHJDTtGP929+1Q7zBRZo1cqDlAuOzxgNq05kv5ArJbUxZDFw18s1PY+AH/AOv/fBQE+6aD/DwJ/vIpP9M=
/RvmUGEwY2BJp9MRf2FW1Bh4rnk5Tpye4UwPzLvq+8joLWXO0k58nqStQbxK5dI888rVbz13pWUpq/43nbqZA44fDmK2iHsek6+a1mvchFw=
NfbqTqoINzNZXEdkll0WMB7qdq45LfuuH/Wta3VSFEy2kmK2YxwRINLHRfy8v1XLK3dRRrz6S4ePnpcDj1VaiZae0i07MHvmuq/9Ilxs8Q0=
3+AmyxAXVJc9FQFxaE44wsGTXBmOkQmpJHn3XOBbjjpWR7r54nAvTbd33FxlbH9UdDsUWplcTtQm8URywlUu0ParsXewOkjoYqT9kEkIvP0=
s1UJ/W9e930tp1CbP3gUiTxGp420dOVHP5FHaX1j4qQ0vQjWYJt/1QHlM/+ejBBNMng7XnPikR8ckSoeihv/Sy6jIasEHbN+g02wrxwYwxM=
Dn9LYDZTDuvPQ02k629IewYazYL9DRibHg7peOGvoDysuGHMbJfEwAVYi5qn4ynX0yQ1YFlMz0d667rZuHUpWDeRYtpyb+HVaOskuSr286A=
h77J8Su3+NB0Pyx9pkHpUOZL0kUo0DieoFYk6yJbl3IaceCzTnUnoil8tenH6N02cXfwJIwTfO0OvqtBnEY6g7rO6fSP57gok06E0ODmbB9dBGyE
m3b+upU24Zhj043out1i64QXlJwM5Wyfas5f0tGfN7FQY39CFpt50K+v+1j4K9mVDchCONV2kil87pfIUUioGC6/GXhbgVqEzbr8l3PYHVg=
SJAYu+rcW1N4w0ut5aKOBWyE9f30F2buOznecpQJFZTlfuqRhk7OaB93RNPPbIJQDApfRiT7J5yj3s6mmjKRqi8KgbM/uJLKs2RtxwRntE4=
Aa4X23D8xfx72mQWANb173bRJKMxnbESrQByESaztQzEgDzmh5no691UlrGeXL8tYq1baBVN8EI/q1ShAg9CRaeGBOhkrSs8bpie5Yl8ruQ=
4LBh3rm08XGxLoO7roAdY1X3/8ATa3i7kkhYzPH3/FF2Pf/ei3psinwbR3qBkhhgBX+atNtFbNZYzRhCFMeqkszk+WU/jy9nTSf6HRQsMg4=
OXVHnZO9Sb7Gcjyquim5tExcAT4ZNtLcW4ye3mMUZZisXrmYqa9B+cG+dUAbIPV+p7rzK+nlpEJnKX3ZKCR8IDQJNn/QI2qyGeCqxMkN5x0=
lE0AbYyAyQxI4GXEAJCumlmnUXDYGOeMLOlj7PMGg6QElFKW4NxNtPctYxIE550TN0BU3apUwKp96muxGS20FRC/z08ejSwpUq9LK7LDyYs=
ybecEZVZ2i6Bxho6GMTg5CAegXHAexD+iRrTqv1N0jtYNy0esUL0dWJZx9eqcQfeaIUzSjWoxPwL9YJnv5ZPUlkVCwIqPuVOjgNw9ngRlFk=
dKuzncR4hKf5X8knnGlfuokon83qO4sjRHgcs7M9ogyA34cmFLhkncCNvXm7nkYh8zSOO4OUoRu47RTxAJD+Tm/jxxaeXs3FWUEl24Xj2O8=
IKVzcQSA4wDyYTLCIGhTcyG9mxTBvHlPdnv3IFNaU9K+x3Ga5Sq1vzCrUB9Ef79KK1ak7RyHS4aBvpx+R7n2Wj34r4JjEnso3YznvPxKG50=
EyWLg99BI3kssZKSTojnziIYmy+OA3hAnvj1LF7in/dEhZTQ/LCupKBHR+unBwuFnBsKhC7aj9yF0KdBglaO8l7LOmSx21FxWzpB+r5Uqwk=
0vA9pGcgg5gHAFiqugl5p2F14TifZqM5ADzWah2WSAyA3LC1j+4SZSHIlWiFpa/CKQtKTxa6JGVn0taTZ7e4NbCbvm4ZOAAek1J1XU1iJJ0=
ZoQsAv1XN12WmLWrwANDjUtRsaIajDNsxYR6pS4VyYSC9TlP196fia+6/PU0DDE6rexa/XekHK0fnIpG0SKJHxKFUEmNNaPWehJP1QPVMilSB8v011IBSw==
vvmSsYY/H0dNqua4cZVVHjEZjAhrkxMBE200PPVxDdwwRt3JUr22nHS+ajHEglsYZmbKGLa4cRhL9oXrEANlGrG1brEUetShaBTkldYnbv8=
WlQJLstX0OTiWaviMdU84XCOSi6iQZCfFV1LFHxF4h8LEwJT7OUU4JKUbmia0QmZfQjyG9QnSL3TmFMIHD76YiUn7D/F0Vts4qfkImx01Uo=
K1WtvQxjdWgYxMr7+eODWevmf9Ctpe/z15zzOoz0Z4PYxwET6t5A/au0zVTM/qKY9seQFFDluzPwV091cAyjlQEACPdhgo/vo7t/1eT3WDx8ZjC8/O0CxQ==
LF1ocav+Vv0Y17rSFLfcQ1W1HqwAXEk73R4r15t7CoHJMHl58eXb8CB0v75AJL4sjSGaquMdFlnckdFPYwtpsLbQmlGaTbd3awbw9/p3GU2MXh5E
nHeh9GEU7/xrYR+vBPLJihElO7waE3hrayn02dveAY90bwDmWwP0G8zwTzQQ1aqtzjRcMkPTNTOjzvFAvwqxhUtSVc6+OnbXokThbMpmBN8=
rRddarO6LBUs8ig5dJ4KdWsYJG4LAnAGaf+rHg0NbBVcXouB23QSJBOvf5lDW06Ceh4qD4SIK5QXzNswENPIQf6CALq5TYDH/meYYgynLf8=
1FCSc3WfbxESdUtX8FKaVes88nN182k8g7IOi+DMKlf+nrI3O5MgaG6c2zPNsmRUb+FaEyYXECx5Zj0U2yn8pz+jweNglEXD35y+ls/yhKI=
ETjpFKWVueJgSZQSXto4bRAOLqcCoVXG7kNGFvoxSDmZS2NleCP0uMvaeisW8X/ux/6YcTMPPUobHP+yOsdOA1b7++GCvmkNNIFBFDtcqkI=
XPjaG9AVaAAl26jtI5UZrKfE3ctxl5G3BsU1yZSYtoqDlg8X8nzE/bYYGhSegQm/yBVxOGPc5gp5oBk8HPlXEa/O6Im/RB8cQVVfpA5pLqg=
0lD+scTRzxp44abDKxGuVK3N00uJGeCa2YYtdkjQwAyNM/nDEk91eB/bmGW/ys9aCjQmHS8y1PCQakj9LgoFfwdE9WnHYePqK4ui/vp8VcU=
eGAf9xyD6MnQzpC/9kPcivV8fhRf1Nzz+4eiUmst6l2SskfzOoI0LMINnT2eOSRw/0+6wJ8DOUD50xsgTi3ulKObj4edXoW0prYhCezBbFE=
W60HO87flwynZvvbwhuTxo9HgW1Y63v+3kU5qlFRBbbV6ZBx9BK8LpEST8Hjh7zfOn9s7C79k8j6zFFS32trsA6ttyPXFOWDssO58AytaxQ=
NkgqGmWhAyMWcIvR05/QRicxisTO7SabIWEpYhWVsv71A+A0vWjeEqPgCA28NqS3aCwRpch4V6NJ/gjsJATy5E27jjArDpsXYHgvJqDKXUI=
qaaHQTVcAQKJ3ff+LmCGAGcZLE90Zx/bRPr6TgRnhCzV3QiKyiHqZ9ohGYgJB9+ey00rus2Ln5Wqtxq5JfaJFjToxkdZiJk03RRo7WXwza4=
Yxrd6uW6egN0n0cZK+8MEgW6ABSSs87nf3wN+0bucnHu5LG4Ni8RlR7vDpHTaci5TYVovLnRFr9A5BZ1zP838+FKA30BCyzClN6w1dL3GZM=
Kv6xoPae4TZ8ADYEv5g0M1kyM80Vodh9FF8CA+sKlPMVZr24rPKC3CM+EjwM5v53QlYA3pH8occuFm0fWhgPbzFJzkL8iVHlBC4bhqJ9jLo=
xK4nmSu1cQ1vgggh5II0usSHkpsPKFbINn/IdlxBJ0V66sXiuaUVddVCR1NODAXKtz2SgYWazAaW+JacuV5BwOWRCeBkRQN2O+j0QrxEhrfNzEG0hE+k+Q==
Uao0McSfX0S6FdA8NK5bCyFOOUdlrzLvzdp/XKI0BizE2jrD6X4npDrmH4tyQ/lWe3f7JgDAZG6bicbpL4GMR9TuyWBvuismvLK5vre4TOQ=
P+Dk204NE+/gRcS99T9A3m6Fni5CPjz5f3a87KrTapB3WWmiMe1k7YPjvkdIwOjd4TV0IgOGKBLm4uan94GwXinQW3TVK5j30lpHT9Ii1xI=
0Ka5QKgXPyVm6gJcssC2ECpoNjgRym/vDw0ehxbmXjsXLpFr2vdiocMSoF8fHPpwttAZssp0rZ/SbDQH63go5imnFV+cCSHiXzbKvh6LxjI=
y4KHhq/aX5cgwYPY6XHDM5fYfNxw2+XkkFaHJAMzEK0kL2cY/UtfXMva0G6SfL174k0TfV201HZ/xvWeR5GGm+jXepMT4ponaYDQa7VGql8=
tNgyZ7dBGSsib6oFmNE47SP5FnZAXmaAQx8uJUVZy/zzKqOHKh+IBIynE+4YZnoKHR0Ya933pHvfEp9ElxBUQQhR0QGz15eGhnyC1qzwG7Y=
PnAK7aEL3ayNtKnh8nynWJet3HYgewIwwCwPYcNvE31O1eptdkikig+yJgDrDnefHW+u/0pLjer98ZS+8vMnCDd7wjRyGCa2LLP3XYq06csSnG7d8T0RmA==
Zd/Bb8vsDcHCLZuPd4Qx6FQDJllycA4OduG7L8Cy1Ju8mlMrZBc87Wrhnhzl77J8uT/on3snFGNPq/gSiMzz2eouDspcOJxaw7merr7b56w=
GO2JLrkYGxwXtThm3qbV8EL/z7a6pbtIliehknB6S8NvYzcx6plx/8ay74UTwrYrpMPCBIXZNyVrZ8WEpLQ0jViybDmJvuF+yUKG0MI7to9/nAhToQ==
CeAQzjYHu59o+VF0w3vA6ozU/wMiEx0f8csSGP+1q20scEmAbeU5NZzIMhexZoC+4wseTnAqYER5Qnt+4hN3iQQmPHE5z5qGSmz5Kf1wQb8=
TDJsdgB1cH7lxOEpmeyBcOdoMMY3BhT3/nu3iWfzXA05s8JgZvyi9FRMDKjGYvc64ITL+bt3Ix2c2DnutN9RZU8pWzMAdKynXjYlmhJGB7HYjQ1O
1F9H1tL4OXhFDIPcK2hLVNOAFpFeebuDGtRdNZBDgTXTrRfPP6BBmksyZagttksKDx+IHUHsp4qmfHWCje26CWOGtwabGVxLNzZN1+QK1D0=
4dXDPJKickEPL8URx6NATMFCR6F4Cc/9pIhJpS3FP04dr6n9oViP1PyhpQkjJgIzLBi0/5PftRCcGh2xYGaQHLsqecx6/OwVIn33/yYpur8=
OF+O3yVNiBeqoPM2bZVwH918tMUSuolcJNoISfRFpnt227/qj4GLmBaGyMaL11eoUIjSEBCBntQJ2quAx0xs0wDAzjTRfzCrBVD8ZywovNE=
33pFvuvpnldMxYI5ni0/fzCC8PlnvfrKQUhVmIQbG2zsJa7UHm1WJSqJ6yc5q6PopavRtg+2QuCCU6r5i6+TSzroaEf15mrw7XmY717eeI8=
SVozN8bjEl4OvqYCv9ZONSGiXkxIHas6Q5g1+7NH2zVa8JrC1p6VDME/mlEJgrzFcWoxbIHb5F8a0qd7Okg6CJEVjmzhXfn2nOkpWo9lZb3LPXIQZ+g8DQ==
5p0xx7a9GDMPIktnkBmJg7h9foCHgT6Mt2R8SyTPtUmrmOJ3qDbEFVe3QR36jy+Jalo7E5qeNCHd+2WSpFzRWTiE/pSiWPECu7ywIHz1SeU=
LKiFCGOdqJkAbUmN/apiCDuEEJivM3uyL4Ij/IZ7HkJwZyx6TCx9IWGaKZEZtWvzXFw7hafKaLcAfcbq+wHknXzb1t5Wj5sCmzEZosXGK0Qoe3UAuOPYbw==
SFxH69xeK5yoAed3qrqqxCW/vGiMDkVeQnYzc3cyjgkye25FFrFJVTEFA6rszfxhOLrScGCJl9LK4ibPXz7TYebM0mkow4mbTkWdiGdtpu8MeA==
o3WmqLxkHFmv5e0/ZlFvjGMOlcEVdCAPmpqEbKwW/IKnkzL0JSLTajROYJmRxHwJrnrDVLbSfo9sTEtSB8lWEdjuifUZ5+PmD9rpnVvyRgn5MPhb
8f+pQKR1I0QmV5jbQyx4ziv8gtXCa6oESvbiI4pNCfd3VIxsbJtSQHY2piI6/rdvJhCqkPIaJ2DuyMCMZiDDFeXb9V7WFffTxWs05AkY1kc=
pWaVQtax9VVZFbMMA8X2vTgszOTPPO+pP7032sxRcy997MMWbusM0aCJJjadwtkt+R2xwCgXJpgyjigbvx466do1bDwxuL/lXXCH5McGBzo=
0xBaccjykSl/+fgzEdQh2IEHaDNfnnqJ6Ht1bJo8ynUZSJTs2LttA+2aD2PKN0dE8qNu9ELvNsjr75QFexxLPT1Nv3UZ25s+gEEIGCaFQGc=
cWRylGeDpSQxHbTvhQY4IWzQY5r+fHso2gDwLvyrVEMIJnJPtXwObTn/cHTb3c/cGySzLlvAuCys6Fy135nqvc0c0Y72n4Q6+ZokpxicAI8=
E+NgWkarlMdkNoFhT8Aud67mEw2tU5Zyc/uRiTGb4SMdyyqoljqjCaarVf07rOHwFv2ZQ1jBepYG/Thvwz5ETY75w9QmCNSrp3tukW8Qrf9tmBy3
lCHhnvYfSkkc1qTMcgbbAchH8/0z1V4zORqKqEgQNtJManr+S/IPKOGqL40DDwTtaSEMjnB0CBeqdZWPJNge09f+PMvByBgOFzITaJbe8ewFgWBNdSIQvw==
MbF4BMxfpU9iy7CKW1SOrEkXv+8XVfFfC4E86nOiSNPhGQjQYBOWE7MfxRf1OUY3UkqqkfvA0Zo+ObJlNfo8Qk6/dEGuL0tnho78fMBlA//Yx9WZ
NdyyxCzYmWbBu0tLqgOsPA/CwXX6VOsEYa11i7kNNBy2CPoPh1i0oPHIvSUatG4Mpdyn42jOwJ4eUzO81KfZfZu5n7S/hVQyI4Iimspb295koynj
BFVE9Wy6B0uIg9w8NtJGXx9Vyb4enG8Czgl66Ck1spCV8zvQl5kBwwBKZiywV41aSXXetBCmC5lK7CN/efEQgWdGM600+sfgi/NBmeC7EffKTChP
6mfHvfLDraCuwUuanNILpnx7DdnGiWuZjqfvPO7iMrRaF8CpQ0IZuwsiYsNdxUKmH74w+VAFHoqjDrGE7Xkr2jawf3xnkOTIxaD/m+KEJV8Vyytw
hYs0g0sIZPKzLTve5kEnZGOsLdQ1lvYxlu6asIVqO8HYWEBQZFRIueztW2CensRYl3I5HeAb5/KXbJ2k96eTQ2fV7TEm2UE+XgabttpHFkM=
JKoavCK9SStL3i/KSwRakejNuAyCbiezuhhF2CHcS5jwUHtV5H7EhKTpCxtdc9KlMI8C142X8tQNfJRpC6FreOaYzS16gF3qIC/9QKDkhOA=
FhvRXnEohUSLObIOlwvVxc5wKohXzyN7/+tZRtUynbNOUzFrVuPMUOPjFA78xUGcMs0CYA2OWc5ZRUlx+mmMlf7rUqKkAZC7M3Un1YOHiho=
tZkwbR8n0tJ0IO176d4LhsK6c2H37eGlGRAfRXKf+KmBqlP+FEKTwgdnRespn+IzOtdCRfhtTOcEpXn6QkZGdSTCNXiqIu+VxEtWfmpa2Kc=
e7v+y/FhUIQ05W0AGoJlCpHst+WavZ43uXRtQAtxPVBbq+h5JxW6oQWLMkOfRhUavckA238MftlJTjQW28qb1n6AoWXeeoTswutKm/Kt0TU=
WQNs8G3gFYc9dQilV/DV6r/6b41wcZ1IckW2BNvSWiXLpjJq8bnXqRX6lvn4uLq8x2QTyMk+EC3GLSS6Vk+95p5YBbUi7rUBA0fj9cf7uB5Fz8R3
q88I6xaY+t45NA9WIEwKhYgpPY0afhYHvZ2PsPDYJoJM5ZyXkyu7g4o6hULCEXyOrEKYmePQCKRybFmu+N/XQkR4omjCe5UQLgR8LA0oToZWXkXZ2MTR0w==
vJ+ddtehsoEOJR++nE7CaH+mbkA4p8xCPJ++p1pdkWFKltfmQiJIVlK9B2luOtfal+vGUiZwuP3QHijGvKWZHqoYvl8XumlkN7kpZHcZBItgBjHm
LIsMP2AKXr0OWjxoOymKGXanGIzH0JLyYMyRoH+E8UiQqz2MfNPGho180yOvDzWqhWLbPf5ubmVzHMjeb/GxJ4M647zFOwNVmpwyc40jY50=
hZRPX0Il/96hw0iB5LI5dt2tuFLWtxKeZztxjbg27vNV7C0iQjQ8+hwwOzaowKsbl5F+YgY0893YxXSVyyLHx1ov+Not0EVTnfZVHqHtR7E=
Llih2hckuboWgrn6GqpYX6sgjS6EeplNVLJjR58ptuJDrZZA6mFFerlj7Cj8/kxZK55uevDtEuzQf+1N60hIguhtH5oCSOzSz3gquZR87RU=
eo7SfFLetOweZAHvJVGe8QCsln0NqMLlQRZBQJ7B7Y2rLda5AoTohW87zPthkJOcX1rUc2cvW36y2jnffuR2DgX97UHb/4mhz2bON2AQQT4=
dXnpZlDG/0h2Sr5HyoIaC7RvsyrlAIsJd2JWAQY59dI5vk6K8XOhUrtfXu8G9H8Lm6zp3dSrlXzr5Tcjqxc9s0vkStVB8gNyqCPxo9X4qcU=
TJ1qdkUt6xf6C9JZG9C5OW8Suj3a7phaOnxbSJfvkzQiOEX8GB/wz25vDlj0exzjtBroYjxxxiRuBkIO0AZhRMVCKnTde7dJJv/OCUa9owE=
TXCOttjy4Kzxnbb0MWdunGK20rECQfmi3Vsc4/0YotHESE/jqTLxnP+i6Iw763vF/Ac0h/UjlLbHjVSwZkiJy7OWDImIGfdz7386O+WD8e0=
OfZzuXQJ+rVuxO53rFjk3CtrGISdGsz1Ps7upJEXGKQOWxhAmSZAU+qEhaAtsg/lAvhZ12ODhJZNeM0A+8aY08AA/iIHxtgjyGSrXSej7Js=
Kp3hZh3pHTvfFdZkv9UhbBGOI+OffEL/XL568/ny+0PX5x/r7Zu+05nV5wGhmcVpoYnxz68JM6fLdLRwfsIJNChW7MOD/ihYvrhwyiy55Eo=
DhxHEpMkuA8hZYY19zsY1W9yST/f5RxzSU9qRktcek2PmtxVi/rXKQd9BWAYhDLwUHEuWmuslzHeEbVgy/sUvwxEPAkcS+C7Szi354K0ljo=
Gohu6IBNeE6rfdemBEfDCn1NoweMnnjWbWr723ZmlAv60B2fjzNWZ0wbbFaGf5v4Xk7GHqnEb1EgwApmd0DOOf/xro6nMU8HvqMeVScreV8=
vlI6a5CTufH7JVN+YiP8S6udmZ1K4gKCRzUxIKqIRl03Xnn8Lo2zK6GAY9DNi2Rq2rbffC9qlToHdXpF3OrKm15mJTfrWCqIcD+mDHVsFtE=
cKLG4gBQU7NhSaW14g+PH9Rb/hCm7fNQghT1NruifAuQ2BelSQqTvXpjPhcyuzkYl2rQquMZhfD9zcxT1hnIywuBNCMI8ghrMSrqCnvHiW8=
lF32sA16zNCk4w7zgCiABnlndDuZohPLyVdWJRH9hM0I+LjK1jFk5tBRGwX3wgmqmOfP3B7skhAK62QWndAyeR5GoOLQwea6nyeLDsJbNDQ=
Ee7gGIpiTevXxgEb94uANYSiq70sClzuWFmHIrfqSv3Aecyg4ZQV54e8Vhm14rqKHwgXqjDBlj9NCnT3qkVgmTuwrgQ3DfPGqHs/urdLMYAljZnC
dA89xE5VuNhf3DK55SG2mR1Hu9OPOvI53pwVE9oOxoZqCI8YltGvQPfiEVrdtwyP4t+q+FwPvM6SYcNNw9Zr4NIdIbQp4TuUhfztWUkLc8c=
0HnvmK5H/u30JN4+ek/fa2hann4OE1XeUWG5844itwm58VJlivUYOLuPF+J0Ec8njaoIcUrQ1wFBf4aXnZiC2ybSOyJRwK5B4HuDaia9+AU=
sSemJv6LJhKXBUnPCrhudYrOVk/ZggLipPe5IeILZpC1FLSBm3Zr5Pf71EB92s1ZyUVe4jH4zpLB60Fsf6/7s1u/tqLGAn+36SDhKfnJlrk=
lf+2iu6kIOQtI6eo91qL2raVRKwtICOM221pla0L2YdmLXKKnAdkJWwlcjH/ptvKhLll64Hj7ca+zUXoBU9OywvuHY3xF0kuT6Hbzt27bAs=
LH61bmGXnbm15ndhnyt0aYji3ni/EG+dTiZV6KDGqCtnUyEsN4WXUZ67zlbQYKE69r0UX/QDhu8sAdrhqGjnFw72ycNy+clh4h2gj/W65IA=
/oivzSrBCzgIPcjBqShDrNblQ6+UK6SOH9iMMUgS7fwqWwGi5q0vLJEWb4ZuWSwn2hMMwkPLJjGTWl2u/Dk8B/yHs41FtCoYjQBBIUPTX90=
k8/k4SiBuJ/XcRGSJa6cOaSD+Jexto4bHRYD79U8L+AciPKL59UydGoefqqPQHYp/8P9V4r0der1TgVy3S9mYkOgCHYqiSSJytTxrwiUlAw=
PfBPwFpRBj3U7F9IlTEDzKVNcBb2gmFZCVC7NMUWXBYcgwHw6Jv2QguECq1h2HmztR4uvtm3jWvBTd8jJNfYdN8itCVdXio5P93KNhCydVo=
BuEhesG6EzPpcmMScQs5FLT5Nrm+SJWZBLuNx6vYFZHRmR0NkvofHbYgqx5anuGj1BwwTVahUQ70r4Oe7Bcxewvkw04RU+ukJ8KncLr9swo=
XPA0XFsr0KcK2+lfUqljQGHh3I00sAwgFl9ESbg+bfI+PAsxT1p1QdoWFS8nIxYg9BZrh3vG03IMXbprUh80oRUt1A8ndWStO7tQcuTROjI=
fOZE0U+f3psZovGRK64XLA1i17VV8UCANtJLFc8zNCo7Rd3nOtF958QR0p3nT0PjKH+qgbaHVfmKmVdfBj5oqTmO7BicO3HZqeRZV6/V0bY=
AsRMoilYnXob92AGg1LXjfhxOakPdJRmFUG3N56MuB2PP7AKQnOLlUZuMX85bb4WC032F17xuuhQjJ9OvvOnX8IernavRaPq4HyFwrh0MAPBqw8=
x87Ofldhy7fXN2DV/zNBzJQ+ef0CGGlN098+u+6RUkcWvCI6boCF9bVl4pS7CwJVeFEsK1OJoqthECRhqi7U0vG2ZzszGmMrDEz9SMvUwzs=
